# JRE version: OpenJDK Runtime Environment (11.0.15) (build 11.0.15+0-b2043.56-8887301)
# Java VM: OpenJDK 64-Bit Server VM (11.0.15+0-b2043.56-8887301, mixed mode, tiered, compressed oops, g1 gc, windows-amd64)
Heap:
 garbage-first heap   total 328704K, used 240749K [0x0000000080000000, 0x0000000100000000)
  region size 1024K, 22 young (22528K), 2 survivors (2048K)
 Metaspace       used 135200K, capacity 138860K, committed 138960K, reserved 1171456K
  class space    used 16576K, capacity 17890K, committed 17952K, reserved 1048576K
GC Heap History (20 events):
Event: 1044.176 GC heap before
{Heap before GC invocations=97 (full 0):
 garbage-first heap   total 328704K, used 269635K [0x0000000080000000, 0x0000000100000000)
  region size 1024K, 22 young (22528K), 3 survivors (3072K)
 Metaspace       used 129348K, capacity 132826K, committed 133072K, reserved 1165312K
  class space    used 16030K, capacity 17339K, committed 17440K, reserved 1048576K
}
Event: 1044.187 GC heap after
{Heap after GC invocations=98 (full 0):
 garbage-first heap   total 328704K, used 254875K [0x0000000080000000, 0x0000000100000000)
  region size 1024K, 3 young (3072K), 3 survivors (3072K)
 Metaspace       used 129348K, capacity 132826K, committed 133072K, reserved 1165312K
  class space    used 16030K, capacity 17339K, committed 17440K, reserved 1048576K
}
Event: 1045.094 GC heap before
{Heap before GC invocations=98 (full 0):
 garbage-first heap   total 328704K, used 268187K [0x0000000080000000, 0x0000000100000000)
  region size 1024K, 16 young (16384K), 3 survivors (3072K)
 Metaspace       used 131269K, capacity 134842K, committed 134992K, reserved 1167360K
  class space    used 16198K, capacity 17499K, committed 17568K, reserved 1048576K
}
Event: 1045.118 GC heap after
{Heap after GC invocations=99 (full 0):
 garbage-first heap   total 328704K, used 253576K [0x0000000080000000, 0x0000000100000000)
  region size 1024K, 2 young (2048K), 2 survivors (2048K)
 Metaspace       used 131269K, capacity 134842K, committed 134992K, reserved 1167360K
  class space    used 16198K, capacity 17499K, committed 17568K, reserved 1048576K
}
Event: 1045.493 GC heap before
{Heap before GC invocations=99 (full 0):
 garbage-first heap   total 328704K, used 274056K [0x0000000080000000, 0x0000000100000000)
  region size 1024K, 22 young (22528K), 2 survivors (2048K)
 Metaspace       used 131539K, capacity 135106K, committed 135248K, reserved 1167360K
  class space    used 16209K, capacity 17499K, committed 17568K, reserved 1048576K
}
Event: 1045.503 GC heap after
{Heap after GC invocations=100 (full 0):
 garbage-first heap   total 328704K, used 256605K [0x0000000080000000, 0x0000000100000000)
  region size 1024K, 3 young (3072K), 3 survivors (3072K)
 Metaspace       used 131539K, capacity 135106K, committed 135248K, reserved 1167360K
  class space    used 16209K, capacity 17499K, committed 17568K, reserved 1048576K
}
Event: 1045.833 GC heap before
{Heap before GC invocations=100 (full 0):
 garbage-first heap   total 328704K, used 277085K [0x0000000080000000, 0x0000000100000000)
  region size 1024K, 23 young (23552K), 3 survivors (3072K)
 Metaspace       used 132014K, capacity 135586K, committed 135760K, reserved 1167360K
  class space    used 16245K, capacity 17531K, committed 17568K, reserved 1048576K
}
Event: 1045.844 GC heap after
{Heap after GC invocations=101 (full 0):
 garbage-first heap   total 328704K, used 261568K [0x0000000080000000, 0x0000000100000000)
  region size 1024K, 3 young (3072K), 3 survivors (3072K)
 Metaspace       used 132014K, capacity 135586K, committed 135760K, reserved 1167360K
  class space    used 16245K, capacity 17531K, committed 17568K, reserved 1048576K
}
Event: 1046.222 GC heap before
{Heap before GC invocations=102 (full 0):
 garbage-first heap   total 328704K, used 260544K [0x0000000080000000, 0x0000000100000000)
  region size 1024K, 21 young (21504K), 3 survivors (3072K)
 Metaspace       used 132056K, capacity 135567K, committed 135760K, reserved 1167360K
  class space    used 16243K, capacity 17526K, committed 17568K, reserved 1048576K
}
Event: 1046.230 GC heap after
{Heap after GC invocations=103 (full 0):
 garbage-first heap   total 328704K, used 242658K [0x0000000080000000, 0x0000000100000000)
  region size 1024K, 2 young (2048K), 2 survivors (2048K)
 Metaspace       used 132056K, capacity 135567K, committed 135760K, reserved 1167360K
  class space    used 16243K, capacity 17526K, committed 17568K, reserved 1048576K
}
Event: 1046.340 GC heap before
{Heap before GC invocations=103 (full 0):
 garbage-first heap   total 328704K, used 256994K [0x0000000080000000, 0x0000000100000000)
  region size 1024K, 16 young (16384K), 2 survivors (2048K)
 Metaspace       used 132072K, capacity 135631K, committed 135760K, reserved 1167360K
  class space    used 16243K, capacity 17526K, committed 17568K, reserved 1048576K
}
Event: 1046.352 GC heap after
{Heap after GC invocations=104 (full 0):
 garbage-first heap   total 328704K, used 228483K [0x0000000080000000, 0x0000000100000000)
  region size 1024K, 1 young (1024K), 1 survivors (1024K)
 Metaspace       used 132072K, capacity 135631K, committed 135760K, reserved 1167360K
  class space    used 16243K, capacity 17526K, committed 17568K, reserved 1048576K
}
Event: 1047.894 GC heap before
{Heap before GC invocations=104 (full 0):
 garbage-first heap   total 328704K, used 264323K [0x0000000080000000, 0x0000000100000000)
  region size 1024K, 37 young (37888K), 1 survivors (1024K)
 Metaspace       used 133527K, capacity 137135K, committed 137296K, reserved 1169408K
  class space    used 16415K, capacity 17720K, committed 17824K, reserved 1048576K
}
Event: 1047.901 GC heap after
{Heap after GC invocations=105 (full 0):
 garbage-first heap   total 328704K, used 229196K [0x0000000080000000, 0x0000000100000000)
  region size 1024K, 2 young (2048K), 2 survivors (2048K)
 Metaspace       used 133527K, capacity 137135K, committed 137296K, reserved 1169408K
  class space    used 16415K, capacity 17720K, committed 17824K, reserved 1048576K
}
Event: 1052.414 GC heap before
{Heap before GC invocations=106 (full 0):
 garbage-first heap   total 328704K, used 266060K [0x0000000080000000, 0x0000000100000000)
  region size 1024K, 40 young (40960K), 2 survivors (2048K)
 Metaspace       used 134880K, capacity 138513K, committed 138704K, reserved 1169408K
  class space    used 16544K, capacity 17885K, committed 17952K, reserved 1048576K
}
Event: 1052.425 GC heap after
{Heap after GC invocations=107 (full 0):
 garbage-first heap   total 328704K, used 230911K [0x0000000080000000, 0x0000000100000000)
  region size 1024K, 4 young (4096K), 4 survivors (4096K)
 Metaspace       used 134880K, capacity 138513K, committed 138704K, reserved 1169408K
  class space    used 16544K, capacity 17885K, committed 17952K, reserved 1048576K
}
Event: 1053.302 GC heap before
{Heap before GC invocations=107 (full 0):
 garbage-first heap   total 328704K, used 242175K [0x0000000080000000, 0x0000000100000000)
  region size 1024K, 16 young (16384K), 4 survivors (4096K)
 Metaspace       used 134891K, capacity 138515K, committed 138704K, reserved 1169408K
  class space    used 16544K, capacity 17885K, committed 17952K, reserved 1048576K
}
Event: 1053.317 GC heap after
{Heap after GC invocations=108 (full 0):
 garbage-first heap   total 328704K, used 218927K [0x0000000080000000, 0x0000000100000000)
  region size 1024K, 1 young (1024K), 1 survivors (1024K)
 Metaspace       used 134891K, capacity 138515K, committed 138704K, reserved 1169408K
  class space    used 16544K, capacity 17885K, committed 17952K, reserved 1048576K
}
Event: 1053.606 GC heap before
{Heap before GC invocations=108 (full 0):
 garbage-first heap   total 328704K, used 221999K [0x0000000080000000, 0x0000000100000000)
  region size 1024K, 5 young (5120K), 1 survivors (1024K)
 Metaspace       used 134965K, capacity 138593K, committed 138704K, reserved 1169408K
  class space    used 16552K, capacity 17887K, committed 17952K, reserved 1048576K
}
Event: 1053.612 GC heap after
{Heap after GC invocations=109 (full 0):
 garbage-first heap   total 328704K, used 219080K [0x0000000080000000, 0x0000000100000000)
  region size 1024K, 1 young (1024K), 1 survivors (1024K)
 Metaspace       used 134965K, capacity 138593K, committed 138704K, reserved 1169408K
  class space    used 16552K, capacity 17887K, committed 17952K, reserved 1048576K
}

